2024-01-31 14:55:59.193 [info] Added views:workbench.panel.markers.view in workbench.panel.markers
2024-01-31 14:55:59.193 [info] Added views:workbench.panel.output in workbench.panel.output
2024-01-31 14:55:59.193 [info] Added views:terminal in terminal
2024-01-31 14:55:59.193 [info] Added views:outline in workbench.view.explorer
2024-01-31 14:55:59.193 [info] Added views:workbench.scm in workbench.view.scm
2024-01-31 14:55:59.193 [info] Added views:workbench.view.search in workbench.view.search
2024-01-31 14:55:59.194 [info] Added views:timeline in workbench.view.explorer
2024-01-31 14:55:59.194 [info] Added views:workbench.explorer.emptyView in workbench.view.explorer
2024-01-31 14:55:59.959 [info] Added views:workbench.debug.variablesView,workbench.debug.watchExpressionsView,workbench.debug.callStackView,workbench.debug.breakPointsView in workbench.view.debug
2024-01-31 14:56:00.029 [info] Added views:workbench.panel.repl.view in workbench.panel.repl
2024-01-31 14:56:00.032 [info] Removed views:workbench.debug.breakPointsView,workbench.debug.callStackView,workbench.debug.watchExpressionsView,workbench.debug.variablesView from workbench.view.debug
2024-01-31 14:56:00.033 [info] Added views:workbench.debug.welcome in workbench.view.debug
2024-01-31 14:56:00.243 [info] Added views:~remote.forwardedPorts in ~remote.forwardedPortsContainer
2024-01-31 14:57:08.359 [info] Added views:workbench.panel.markers.view in workbench.panel.markers
2024-01-31 14:57:08.359 [info] Added views:workbench.panel.output in workbench.panel.output
2024-01-31 14:57:08.359 [info] Added views:terminal in terminal
2024-01-31 14:57:08.359 [info] Added views:outline in workbench.view.explorer
2024-01-31 14:57:08.359 [info] Added views:workbench.scm in workbench.view.scm
2024-01-31 14:57:08.359 [info] Added views:workbench.view.search in workbench.view.search
2024-01-31 14:57:08.359 [info] Added views:timeline in workbench.view.explorer
2024-01-31 14:57:08.359 [info] Added views:workbench.explorer.fileView in workbench.view.explorer
2024-01-31 14:57:08.976 [info] Added views:workbench.debug.variablesView,workbench.debug.watchExpressionsView,workbench.debug.callStackView,workbench.debug.breakPointsView in workbench.view.debug
2024-01-31 14:57:09.054 [info] Added views:workbench.panel.repl.view in workbench.panel.repl
2024-01-31 14:57:09.055 [info] Removed views:workbench.debug.breakPointsView,workbench.debug.callStackView,workbench.debug.watchExpressionsView,workbench.debug.variablesView from workbench.view.debug
2024-01-31 14:57:09.056 [info] Added views:workbench.debug.welcome in workbench.view.debug
2024-01-31 14:57:09.197 [info] Added views:~remote.forwardedPorts in ~remote.forwardedPortsContainer
2024-01-31 14:57:26.016 [info] Added views:workbench.views.extensions.installed,workbench.views.extensions.popular,extensions.recommendedList in workbench.view.extensions
2024-01-31 14:57:26.025 [info] Removed views:workbench.views.extensions.popular from workbench.view.extensions
2024-01-31 14:57:26.347 [info] Added views:workbench.views.extensions.popular in workbench.view.extensions
2024-01-31 14:57:26.636 [info] Removed views:extensions.recommendedList,workbench.views.extensions.popular,workbench.views.extensions.installed from workbench.view.extensions
2024-01-31 14:57:26.649 [info] Added views:workbench.views.extensions.marketplace in workbench.view.extensions
2024-01-31 14:57:30.351 [info] Added views:workbench.view.testing in workbench.view.extension.test
2024-01-31 14:57:30.382 [info] Added views:go.explorer in workbench.view.explorer
2024-01-31 14:58:02.080 [info] Added views:workbench.debug.breakPointsView in workbench.view.debug
2024-01-31 14:58:26.751 [info] Removed views:workbench.debug.welcome from workbench.view.debug
2024-01-31 14:58:26.769 [info] Added views:workbench.debug.variablesView,workbench.debug.watchExpressionsView,workbench.debug.callStackView in workbench.view.debug
2024-01-31 15:07:06.343 [info] Removed views:workbench.debug.callStackView,workbench.debug.watchExpressionsView,workbench.debug.variablesView from workbench.view.debug
2024-01-31 15:07:06.373 [info] Added views:workbench.debug.welcome in workbench.view.debug
2024-01-31 15:22:17.694 [info] Removed views:workbench.debug.welcome from workbench.view.debug
2024-01-31 15:22:17.707 [info] Added views:workbench.debug.variablesView,workbench.debug.watchExpressionsView,workbench.debug.callStackView in workbench.view.debug
2024-01-31 15:24:52.085 [info] Removed views:workbench.debug.callStackView,workbench.debug.watchExpressionsView,workbench.debug.variablesView from workbench.view.debug
2024-01-31 15:24:52.117 [info] Added views:workbench.debug.welcome in workbench.view.debug
2024-01-31 15:24:59.042 [info] Removed views:workbench.debug.welcome from workbench.view.debug
2024-01-31 15:24:59.061 [info] Added views:workbench.debug.variablesView,workbench.debug.watchExpressionsView,workbench.debug.callStackView in workbench.view.debug
2024-01-31 15:28:09.248 [info] Removed views:workbench.debug.callStackView,workbench.debug.watchExpressionsView,workbench.debug.variablesView from workbench.view.debug
2024-01-31 15:28:09.281 [info] Added views:workbench.debug.welcome in workbench.view.debug
2024-01-31 15:40:01.688 [info] Added views:workbench.panel.testResults.view in workbench.panel.testResults
2024-01-31 15:40:02.747 [info] Removed views:workbench.debug.welcome from workbench.view.debug
2024-01-31 15:40:02.769 [info] Added views:workbench.debug.variablesView,workbench.debug.watchExpressionsView,workbench.debug.callStackView in workbench.view.debug
2024-01-31 15:40:15.429 [info] Removed views:workbench.debug.callStackView,workbench.debug.watchExpressionsView,workbench.debug.variablesView from workbench.view.debug
2024-01-31 15:40:15.471 [info] Added views:workbench.debug.welcome in workbench.view.debug
2024-01-31 15:40:59.598 [info] Removed views:workbench.debug.welcome from workbench.view.debug
2024-01-31 15:40:59.617 [info] Added views:workbench.debug.variablesView,workbench.debug.watchExpressionsView,workbench.debug.callStackView in workbench.view.debug
2024-01-31 15:42:20.553 [info] Removed views:workbench.debug.callStackView,workbench.debug.watchExpressionsView,workbench.debug.variablesView from workbench.view.debug
2024-01-31 15:42:20.590 [info] Added views:workbench.debug.welcome in workbench.view.debug
2024-01-31 15:44:40.725 [info] Removed views:workbench.debug.welcome from workbench.view.debug
2024-01-31 15:44:40.752 [info] Added views:workbench.debug.variablesView,workbench.debug.watchExpressionsView,workbench.debug.callStackView in workbench.view.debug
2024-01-31 15:44:59.802 [info] Removed views:workbench.debug.callStackView,workbench.debug.watchExpressionsView,workbench.debug.variablesView from workbench.view.debug
2024-01-31 15:44:59.822 [info] Added views:workbench.debug.welcome in workbench.view.debug
2024-01-31 15:56:54.237 [info] Removed views:workbench.debug.welcome from workbench.view.debug
2024-01-31 15:56:54.261 [info] Added views:workbench.debug.variablesView,workbench.debug.watchExpressionsView,workbench.debug.callStackView in workbench.view.debug
2024-01-31 15:57:38.926 [info] Removed views:workbench.debug.callStackView,workbench.debug.watchExpressionsView,workbench.debug.variablesView from workbench.view.debug
2024-01-31 15:57:38.961 [info] Added views:workbench.debug.welcome in workbench.view.debug
2024-01-31 17:06:33.249 [info] Removed views:workbench.debug.welcome from workbench.view.debug
2024-01-31 17:06:33.275 [info] Added views:workbench.debug.variablesView,workbench.debug.watchExpressionsView,workbench.debug.callStackView in workbench.view.debug
2024-01-31 17:08:56.402 [info] Removed views:workbench.debug.callStackView,workbench.debug.watchExpressionsView,workbench.debug.variablesView from workbench.view.debug
2024-01-31 17:08:56.429 [info] Added views:workbench.debug.welcome in workbench.view.debug
2024-01-31 17:35:19.196 [info] Removed views:workbench.debug.welcome from workbench.view.debug
2024-01-31 17:35:19.226 [info] Added views:workbench.debug.variablesView,workbench.debug.watchExpressionsView,workbench.debug.callStackView in workbench.view.debug
2024-01-31 17:38:13.128 [info] Removed views:workbench.debug.callStackView,workbench.debug.watchExpressionsView,workbench.debug.variablesView from workbench.view.debug
2024-01-31 17:38:13.158 [info] Added views:workbench.debug.welcome in workbench.view.debug
2024-01-31 17:41:39.140 [info] Removed views:workbench.debug.welcome from workbench.view.debug
2024-01-31 17:41:39.179 [info] Added views:workbench.debug.variablesView,workbench.debug.watchExpressionsView,workbench.debug.callStackView in workbench.view.debug
2024-01-31 17:42:56.400 [info] Removed views:workbench.debug.callStackView,workbench.debug.watchExpressionsView,workbench.debug.variablesView from workbench.view.debug
2024-01-31 17:42:56.438 [info] Added views:workbench.debug.welcome in workbench.view.debug
2024-01-31 17:46:16.267 [info] Removed views:workbench.view.testing from workbench.view.extension.test
2024-01-31 17:46:18.094 [info] Removed views:workbench.panel.repl.view from workbench.panel.repl
2024-01-31 17:46:18.323 [info] Added views:workbench.panel.repl.view in workbench.panel.repl
2024-01-31 17:46:18.892 [info] Added views:workbench.view.testing in workbench.view.extension.test
2024-01-31 17:48:38.953 [info] Removed views:workbench.debug.welcome from workbench.view.debug
2024-01-31 17:48:38.980 [info] Added views:workbench.debug.variablesView,workbench.debug.watchExpressionsView,workbench.debug.callStackView in workbench.view.debug
2024-01-31 17:51:56.194 [info] Removed views:workbench.debug.callStackView,workbench.debug.watchExpressionsView,workbench.debug.variablesView from workbench.view.debug
2024-01-31 17:51:56.205 [info] Added views:workbench.debug.welcome in workbench.view.debug
2024-01-31 17:51:56.211 [info] Removed views:workbench.debug.welcome from workbench.view.debug
2024-01-31 17:51:56.236 [info] Added views:workbench.debug.variablesView,workbench.debug.watchExpressionsView,workbench.debug.callStackView in workbench.view.debug
2024-01-31 17:51:56.869 [info] Removed views:workbench.debug.callStackView,workbench.debug.watchExpressionsView,workbench.debug.variablesView from workbench.view.debug
2024-01-31 17:51:56.878 [info] Added views:workbench.debug.welcome in workbench.view.debug
2024-01-31 17:52:37.803 [info] Removed views:workbench.debug.welcome from workbench.view.debug
2024-01-31 17:52:37.817 [info] Added views:workbench.debug.variablesView,workbench.debug.watchExpressionsView,workbench.debug.callStackView in workbench.view.debug
2024-01-31 17:52:37.924 [info] Removed views:workbench.debug.callStackView,workbench.debug.watchExpressionsView,workbench.debug.variablesView from workbench.view.debug
2024-01-31 17:52:37.939 [info] Added views:workbench.debug.welcome in workbench.view.debug
2024-01-31 19:45:14.007 [info] Added views:references-view.tree in workbench.view.extension.references-view
2024-01-31 20:06:22.147 [info] Removed views:workbench.debug.welcome from workbench.view.debug
2024-01-31 20:06:22.162 [info] Added views:workbench.debug.variablesView,workbench.debug.watchExpressionsView,workbench.debug.callStackView in workbench.view.debug
2024-01-31 20:07:24.480 [info] Removed views:workbench.debug.callStackView,workbench.debug.watchExpressionsView,workbench.debug.variablesView from workbench.view.debug
2024-01-31 20:07:24.512 [info] Added views:workbench.debug.welcome in workbench.view.debug
2024-01-31 20:08:18.575 [info] Removed views:workbench.debug.welcome from workbench.view.debug
2024-01-31 20:08:18.593 [info] Added views:workbench.debug.variablesView,workbench.debug.watchExpressionsView,workbench.debug.callStackView in workbench.view.debug
2024-01-31 20:09:55.492 [info] Removed views:workbench.debug.callStackView,workbench.debug.watchExpressionsView,workbench.debug.variablesView from workbench.view.debug
2024-01-31 20:09:55.553 [info] Added views:workbench.debug.welcome in workbench.view.debug
2024-01-31 20:11:29.695 [info] Removed views:workbench.debug.welcome from workbench.view.debug
2024-01-31 20:11:29.718 [info] Added views:workbench.debug.variablesView,workbench.debug.watchExpressionsView,workbench.debug.callStackView in workbench.view.debug
2024-01-31 20:15:24.629 [info] Removed views:workbench.debug.callStackView,workbench.debug.watchExpressionsView,workbench.debug.variablesView from workbench.view.debug
2024-01-31 20:15:24.661 [info] Added views:workbench.debug.welcome in workbench.view.debug
2024-01-31 20:15:56.693 [info] Removed views:workbench.debug.welcome from workbench.view.debug
2024-01-31 20:15:56.743 [info] Added views:workbench.debug.variablesView,workbench.debug.watchExpressionsView,workbench.debug.callStackView in workbench.view.debug
2024-01-31 20:18:23.608 [info] Removed views:workbench.debug.callStackView,workbench.debug.watchExpressionsView,workbench.debug.variablesView from workbench.view.debug
2024-01-31 20:18:23.646 [info] Added views:workbench.debug.welcome in workbench.view.debug
2024-01-31 20:18:25.665 [info] Removed views:workbench.debug.welcome from workbench.view.debug
2024-01-31 20:18:25.693 [info] Added views:workbench.debug.variablesView,workbench.debug.watchExpressionsView,workbench.debug.callStackView in workbench.view.debug
2024-01-31 20:35:19.255 [info] Removed views:workbench.debug.callStackView,workbench.debug.watchExpressionsView,workbench.debug.variablesView from workbench.view.debug
2024-01-31 20:35:19.297 [info] Added views:workbench.debug.welcome in workbench.view.debug
2024-01-31 20:35:24.852 [info] Removed views:workbench.debug.welcome from workbench.view.debug
2024-01-31 20:35:24.882 [info] Added views:workbench.debug.variablesView,workbench.debug.watchExpressionsView,workbench.debug.callStackView in workbench.view.debug
2024-01-31 20:36:51.203 [info] Removed views:workbench.debug.callStackView,workbench.debug.watchExpressionsView,workbench.debug.variablesView from workbench.view.debug
2024-01-31 20:36:51.234 [info] Added views:workbench.debug.welcome in workbench.view.debug
2024-02-01 13:05:45.645 [info] Removed views:workbench.debug.welcome from workbench.view.debug
2024-02-01 13:05:45.657 [info] Added views:workbench.debug.variablesView,workbench.debug.watchExpressionsView,workbench.debug.callStackView in workbench.view.debug
2024-02-01 13:07:18.888 [info] Removed views:workbench.debug.callStackView,workbench.debug.watchExpressionsView,workbench.debug.variablesView from workbench.view.debug
2024-02-01 13:07:18.928 [info] Added views:workbench.debug.welcome in workbench.view.debug
2024-02-01 13:42:13.195 [info] Removed views:workbench.debug.welcome from workbench.view.debug
2024-02-01 13:42:13.219 [info] Added views:workbench.debug.variablesView,workbench.debug.watchExpressionsView,workbench.debug.callStackView in workbench.view.debug
2024-02-01 13:43:58.582 [info] Removed views:workbench.debug.callStackView,workbench.debug.watchExpressionsView,workbench.debug.variablesView from workbench.view.debug
2024-02-01 13:43:58.635 [info] Added views:workbench.debug.welcome in workbench.view.debug
2024-02-01 13:48:31.682 [info] Removed views:workbench.debug.welcome from workbench.view.debug
2024-02-01 13:48:31.703 [info] Added views:workbench.debug.variablesView,workbench.debug.watchExpressionsView,workbench.debug.callStackView in workbench.view.debug
2024-02-01 13:50:18.710 [info] Removed views:workbench.debug.callStackView,workbench.debug.watchExpressionsView,workbench.debug.variablesView from workbench.view.debug
2024-02-01 13:50:18.753 [info] Added views:workbench.debug.welcome in workbench.view.debug
2024-02-01 13:50:21.722 [info] Removed views:workbench.debug.welcome from workbench.view.debug
2024-02-01 13:50:21.753 [info] Added views:workbench.debug.variablesView,workbench.debug.watchExpressionsView,workbench.debug.callStackView in workbench.view.debug
2024-02-01 13:50:46.475 [info] Removed views:workbench.debug.callStackView,workbench.debug.watchExpressionsView,workbench.debug.variablesView from workbench.view.debug
2024-02-01 13:50:46.503 [info] Added views:workbench.debug.welcome in workbench.view.debug
2024-02-01 13:51:12.756 [info] Removed views:workbench.debug.welcome from workbench.view.debug
2024-02-01 13:51:12.774 [info] Added views:workbench.debug.variablesView,workbench.debug.watchExpressionsView,workbench.debug.callStackView in workbench.view.debug
2024-02-01 13:52:56.006 [info] Removed views:workbench.debug.callStackView,workbench.debug.watchExpressionsView,workbench.debug.variablesView from workbench.view.debug
2024-02-01 13:52:56.062 [info] Added views:workbench.debug.welcome in workbench.view.debug
2024-02-01 14:01:23.637 [info] Removed views:workbench.debug.welcome from workbench.view.debug
2024-02-01 14:01:23.673 [info] Added views:workbench.debug.variablesView,workbench.debug.watchExpressionsView,workbench.debug.callStackView in workbench.view.debug
2024-02-01 14:13:16.577 [info] Removed views:workbench.debug.callStackView,workbench.debug.watchExpressionsView,workbench.debug.variablesView from workbench.view.debug
2024-02-01 14:13:16.626 [info] Added views:workbench.debug.welcome in workbench.view.debug
2024-02-01 14:57:00.516 [info] Removed views:workbench.debug.welcome from workbench.view.debug
2024-02-01 14:57:00.528 [info] Added views:workbench.debug.variablesView,workbench.debug.watchExpressionsView,workbench.debug.callStackView in workbench.view.debug
2024-02-01 15:00:16.584 [info] Removed views:workbench.debug.callStackView,workbench.debug.watchExpressionsView,workbench.debug.variablesView from workbench.view.debug
2024-02-01 15:00:16.633 [info] Added views:workbench.debug.welcome in workbench.view.debug
2024-02-01 15:01:36.037 [info] Removed views:workbench.debug.welcome from workbench.view.debug
2024-02-01 15:01:36.062 [info] Added views:workbench.debug.variablesView,workbench.debug.watchExpressionsView,workbench.debug.callStackView in workbench.view.debug
2024-02-01 15:02:56.893 [info] Removed views:workbench.debug.callStackView,workbench.debug.watchExpressionsView,workbench.debug.variablesView from workbench.view.debug
2024-02-01 15:02:56.952 [info] Added views:workbench.debug.welcome in workbench.view.debug
2024-02-01 15:06:44.281 [info] Removed views:workbench.debug.welcome from workbench.view.debug
2024-02-01 15:06:44.300 [info] Added views:workbench.debug.variablesView,workbench.debug.watchExpressionsView,workbench.debug.callStackView in workbench.view.debug
2024-02-01 15:31:23.097 [info] Removed views:workbench.debug.callStackView,workbench.debug.watchExpressionsView,workbench.debug.variablesView from workbench.view.debug
2024-02-01 15:31:23.175 [info] Added views:workbench.debug.welcome in workbench.view.debug
2024-02-01 15:32:23.158 [info] Removed views:workbench.debug.welcome from workbench.view.debug
2024-02-01 15:32:23.192 [info] Added views:workbench.debug.variablesView,workbench.debug.watchExpressionsView,workbench.debug.callStackView in workbench.view.debug
2024-02-01 15:34:37.419 [info] Removed views:workbench.debug.callStackView,workbench.debug.watchExpressionsView,workbench.debug.variablesView from workbench.view.debug
2024-02-01 15:34:37.468 [info] Added views:workbench.debug.welcome in workbench.view.debug
2024-02-01 15:41:36.028 [info] Removed views:workbench.debug.welcome from workbench.view.debug
2024-02-01 15:41:36.047 [info] Added views:workbench.debug.variablesView,workbench.debug.watchExpressionsView,workbench.debug.callStackView in workbench.view.debug
2024-02-01 15:42:49.691 [info] Removed views:workbench.debug.callStackView,workbench.debug.watchExpressionsView,workbench.debug.variablesView from workbench.view.debug
2024-02-01 15:42:49.721 [info] Added views:workbench.debug.welcome in workbench.view.debug
2024-02-01 15:44:06.925 [info] Removed views:workbench.debug.welcome from workbench.view.debug
2024-02-01 15:44:06.943 [info] Added views:workbench.debug.variablesView,workbench.debug.watchExpressionsView,workbench.debug.callStackView in workbench.view.debug
2024-02-01 15:46:12.563 [info] Removed views:workbench.debug.callStackView,workbench.debug.watchExpressionsView,workbench.debug.variablesView from workbench.view.debug
2024-02-01 15:46:12.607 [info] Added views:workbench.debug.welcome in workbench.view.debug
2024-02-01 16:16:34.195 [info] Removed views:workbench.debug.welcome from workbench.view.debug
2024-02-01 16:16:34.208 [info] Added views:workbench.debug.variablesView,workbench.debug.watchExpressionsView,workbench.debug.callStackView in workbench.view.debug
2024-02-01 16:17:46.913 [info] Removed views:workbench.debug.callStackView,workbench.debug.watchExpressionsView,workbench.debug.variablesView from workbench.view.debug
2024-02-01 16:17:46.945 [info] Added views:workbench.debug.welcome in workbench.view.debug
